[{"stream_name":"stderr","time":7.03145318,"data":"0.00s - Debugger warning: It seems that frozen modules are being used, which may\n"}
,{"stream_name":"stderr","time":7.031506228,"data":"0.00s - make the debugger miss breakpoints. Please pass -Xfrozen_modules=off\n"}
,{"stream_name":"stderr","time":7.031513142,"data":"0.00s - to python to disable frozen modules.\n"}
,{"stream_name":"stderr","time":7.031517673,"data":"0.00s - Note: Debugging will proceed. Set PYDEVD_DISABLE_FILE_VALIDATION=1 to disable this validation.\n"}
,{"stream_name":"stderr","time":7.617954094,"data":"0.00s - Debugger warning: It seems that frozen modules are being used, which may\n"}
,{"stream_name":"stderr","time":7.617985713,"data":"0.00s - make the debugger miss breakpoints. Please pass -Xfrozen_modules=off\n"}
,{"stream_name":"stderr","time":7.617999534,"data":"0.00s - to python to disable frozen modules.\n"}
,{"stream_name":"stderr","time":7.61800353,"data":"0.00s - Note: Debugging will proceed. Set PYDEVD_DISABLE_FILE_VALIDATION=1 to disable this validation.\n"}
,{"stream_name":"stdout","time":12.887509765,"data":"⚠️ Phase 4 components not available: No module named 'computation'\n"}
,{"stream_name":"stdout","time":12.887554654,"data":"Continuing with basic validation only...\n"}
,{"stream_name":"stdout","time":12.8991353,"data":"⚠️ Phase 4 verification disabled - using basic predictions only\n"}
,{"stream_name":"stderr","time":28.93698368,"data":"2026-02-15 08:00:35.592357: E external/local_xla/xla/stream_executor/cuda/cuda_fft.cc:467] Unable to register cuFFT factory: Attempting to register factory for plugin cuFFT when one has already been registered\n"}
,{"stream_name":"stderr","time":28.937414518,"data":"WARNING: All log messages before absl::InitializeLog() is called are written to STDERR\n"}
,{"stream_name":"stderr","time":28.937428826,"data":"E0000 00:00:1771142435.764768      24 cuda_dnn.cc:8579] Unable to register cuDNN factory: Attempting to register factory for plugin cuDNN when one has already been registered\n"}
,{"stream_name":"stderr","time":28.937433623,"data":"E0000 00:00:1771142435.815322      24 cuda_blas.cc:1407] Unable to register cuBLAS factory: Attempting to register factory for plugin cuBLAS when one has already been registered\n"}
,{"stream_name":"stderr","time":28.937439577,"data":"W0000 00:00:1771142436.222161      24 computation_placer.cc:177] computation placer already registered. Please check linkage and avoid linking the same target more than once.\n"}
,{"stream_name":"stderr","time":28.937442964,"data":"W0000 00:00:1771142436.222199      24 computation_placer.cc:177] computation placer already registered. Please check linkage and avoid linking the same target more than once.\n"}
,{"stream_name":"stderr","time":28.937445657,"data":"W0000 00:00:1771142436.222201      24 computation_placer.cc:177] computation placer already registered. Please check linkage and avoid linking the same target more than once.\n"}
,{"stream_name":"stderr","time":28.937566765,"data":"W0000 00:00:1771142436.222204      24 computation_placer.cc:177] computation placer already registered. Please check linkage and avoid linking the same target more than once.\n"}
,{"stream_name":"stderr","time":29.139909864,"data":"2026-02-15 08:00:35.592357: E external/local_xla/xla/stream_executor/cuda/cuda_fft.cc:467] Unable to register cuFFT factory: Attempting to register factory for plugin cuFFT when one has already been registered\n"}
,{"stream_name":"stderr","time":29.13993477,"data":"WARNING: All log messages before absl::InitializeLog() is called are written to STDERR\n"}
,{"stream_name":"stderr","time":29.139940036,"data":"E0000 00:00:1771142435.764768      24 cuda_dnn.cc:8579] Unable to register cuDNN factory: Attempting to register factory for plugin cuDNN when one has already been registered\n"}
,{"stream_name":"stderr","time":29.139954586,"data":"E0000 00:00:1771142435.815322      24 cuda_blas.cc:1407] Unable to register cuBLAS factory: Attempting to register factory for plugin cuBLAS when one has already been registered\n"}
,{"stream_name":"stderr","time":29.139958866,"data":"W0000 00:00:1771142436.222161      24 computation_placer.cc:177] computation placer already registered. Please check linkage and avoid linking the same target more than once.\n"}
,{"stream_name":"stderr","time":29.139962666,"data":"W0000 00:00:1771142436.222199      24 computation_placer.cc:177] computation placer already registered. Please check linkage and avoid linking the same target more than once.\n"}
,{"stream_name":"stderr","time":29.13996644,"data":"W0000 00:00:1771142436.222201      24 computation_placer.cc:177] computation placer already registered. Please check linkage and avoid linking the same target more than once.\n"}
,{"stream_name":"stderr","time":29.139970261,"data":"W0000 00:00:1771142436.222204      24 computation_placer.cc:177] computation placer already registered. Please check linkage and avoid linking the same target more than once.\n"}
,{"stream_name":"stderr","time":29.13997411,"data":"\n"}
,{"stream_name":"stderr","time":29.139977636,"data":"2026-02-15 08:00:35.592357: E external/local_xla/xla/stream_executor/cuda/cuda_fft.cc:467] Unable to register cuFFT factory: Attempting to register factory for plugin cuFFT when one has already been registered\n"}
,{"stream_name":"stderr","time":29.139983026,"data":"WARNING: All log messages before absl::InitializeLog() is called are written to STDERR\n"}
,{"stream_name":"stderr","time":29.139986843,"data":"E0000 00:00:1771142435.764768      24 cuda_dnn.cc:8579] Unable to register cuDNN factory: Attempting to register factory for plugin cuDNN when one has already been registered\n"}
,{"stream_name":"stderr","time":29.139989777,"data":"E0000 00:00:1771142435.815322      24 cuda_blas.cc:1407] Unable to register cuBLAS factory: Attempting to register factory for plugin cuBLAS when one has already been registered\n"}
,{"stream_name":"stderr","time":29.139993683,"data":"W0000 00:00:1771142436.222161      24 computation_placer.cc:177] computation placer already registered. Please check linkage and avoid linking the same target more than once.\n"}
,{"stream_name":"stderr","time":29.139996223,"data":"W0000 00:00:1771142436.222199      24 computation_placer.cc:177] computation placer already registered. Please check linkage and avoid linking the same target more than once.\n"}
,{"stream_name":"stderr","time":29.139998694,"data":"W0000 00:00:1771142436.222201      24 computation_placer.cc:177] computation placer already registered. Please check linkage and avoid linking the same target more than once.\n"}
,{"stream_name":"stderr","time":29.140001186,"data":"W0000 00:00:1771142436.222204      24 computation_placer.cc:177] computation placer already registered. Please check linkage and avoid linking the same target more than once.\n"}
,{"stream_name":"stdout","time":41.163986216,"data":"PyTorch: 2.8.0+cu126\n"}
,{"stream_name":"stdout","time":41.164023064,"data":"CUDA Available: True\n"}
,{"stream_name":"stdout","time":41.164029646,"data":"Using device: cuda\n"}
,{"stream_name":"stdout","time":41.200379306,"data":"✅ Inference class updated for Offline/Kaggle use\n"}
,{"stream_name":"stdout","time":41.364126085,"data":"\n"}
,{"stream_name":"stdout","time":41.364157861,"data":"================================================================================\n"}
,{"stream_name":"stdout","time":41.364173099,"data":"AVAILABLE MODELS\n"}
,{"stream_name":"stdout","time":41.364177164,"data":"================================================================================\n"}
,{"stream_name":"stdout","time":41.364190582,"data":"gpt2                 | GPT-2 (Fast Baseline)                    | 1     GB | instant\n"}
,{"stream_name":"stdout","time":41.364193224,"data":"gemma3-4b            | Gemma 3 4B                               | 8     GB | 3s/q\n"}
,{"stream_name":"stdout","time":41.364195654,"data":"gemma3-12b           | Gemma 3 12B                              | 24    GB | 6s/q\n"}
,{"stream_name":"stdout","time":41.364197907,"data":"llama4-scout         | Llama 4 Scout 8B                         | 16    GB | 8s/q\n"}
,{"stream_name":"stdout","time":41.364200231,"data":"qwen3-32b            | Qwen 3 32B                               | 64    GB | 15s/q\n"}
,{"stream_name":"stdout","time":41.364202507,"data":"deepseek-r1          | DeepSeek-R1 67B                          | 180   GB | 45s/q [Reasoning]\n"}
,{"stream_name":"stdout","time":41.364205011,"data":"mistral-large-3      | Mistral Large 3 123B                     | 280   GB | 50s/q\n"}
,{"stream_name":"stdout","time":41.364207306,"data":"================================================================================\n"}
,{"stream_name":"stdout","time":41.364209654,"data":"\n"}
,{"stream_name":"stdout","time":41.364211997,"data":"Selected model: gpt2\n"}
,{"stream_name":"stdout","time":41.364214214,"data":"Loading GPT-2 (Fast Baseline)...\n"}
,{"stream_name":"stderr","time":73.24427378,"data":"'(MaxRetryError('HTTPSConnectionPool(host=\\'huggingface.co\\', port=443): Max retries exceeded with url: /gpt2/resolve/main/tokenizer_config.json (Caused by NameResolutionError(\"HTTPSConnection(host=\\'huggingface.co\\', port=443): Failed to resolve \\'huggingface.co\\' ([Errno -3] Temporary failure in name resolution)\"))'), '(Request ID: 1bc65d75-d165-4f4b-ae33-12306ea82ce1)')' thrown while requesting HEAD https://huggingface.co/gpt2/resolve/main/tokenizer_config.json\n"}
,{"stream_name":"stderr","time":73.244304032,"data":"\n"}
,{"stream_name":"stderr","time":73.244308821,"data":"'(MaxRetryError('HTTPSConnectionPool(host=\\'huggingface.co\\', port=443): Max retries exceeded with url: /gpt2/resolve/main/tokenizer_config.json (Caused by NameResolutionError(\"HTTPSConnection(host=\\'huggingface.co\\', port=443): Failed to resolve \\'huggingface.co\\' ([Errno -3] Temporary failure in name resolution)\"))'), '(Request ID: 1bc65d75-d165-4f4b-ae33-12306ea82ce1)')' thrown while requesting HEAD https://huggingface.co/gpt2/resolve/main/tokenizer_config.json\n"}
,{"stream_name":"stderr","time":73.245112999,"data":"WARNING:huggingface_hub.utils._http:'(MaxRetryError('HTTPSConnectionPool(host=\\'huggingface.co\\', port=443): Max retries exceeded with url: /gpt2/resolve/main/tokenizer_config.json (Caused by NameResolutionError(\"HTTPSConnection(host=\\'huggingface.co\\', port=443): Failed to resolve \\'huggingface.co\\' ([Errno -3] Temporary failure in name resolution)\"))'), '(Request ID: 1bc65d75-d165-4f4b-ae33-12306ea82ce1)')' thrown while requesting HEAD https://huggingface.co/gpt2/resolve/main/tokenizer_config.json\n"}
,{"stream_name":"stderr","time":73.245134942,"data":"\n"}
,{"stream_name":"stderr","time":73.245139852,"data":"WARNING:huggingface_hub.utils._http:'(MaxRetryError('HTTPSConnectionPool(host=\\'huggingface.co\\', port=443): Max retries exceeded with url: /gpt2/resolve/main/tokenizer_config.json (Caused by NameResolutionError(\"HTTPSConnection(host=\\'huggingface.co\\', port=443): Failed to resolve \\'huggingface.co\\' ([Errno -3] Temporary failure in name resolution)\"))'), '(Request ID: 1bc65d75-d165-4f4b-ae33-12306ea82ce1)')' thrown while requesting HEAD https://huggingface.co/gpt2/resolve/main/tokenizer_config.json\n"}
,{"stream_name":"stderr","time":73.24576984,"data":"Retrying in 1s [Retry 1/5].\n"}
,{"stream_name":"stderr","time":73.245780477,"data":"\n"}
,{"stream_name":"stderr","time":73.245783669,"data":"Retrying in 1s [Retry 1/5].\n"}
,{"stream_name":"stderr","time":73.246456537,"data":"WARNING:huggingface_hub.utils._http:Retrying in 1s [Retry 1/5].\n"}
,{"stream_name":"stderr","time":73.246472326,"data":"\n"}
,{"stream_name":"stderr","time":73.246476035,"data":"WARNING:huggingface_hub.utils._http:Retrying in 1s [Retry 1/5].\n"}
,{"stream_name":"stderr","time":106.25577157,"data":"'(MaxRetryError('HTTPSConnectionPool(host=\\'huggingface.co\\', port=443): Max retries exceeded with url: /gpt2/resolve/main/tokenizer_config.json (Caused by NameResolutionError(\"HTTPSConnection(host=\\'huggingface.co\\', port=443): Failed to resolve \\'huggingface.co\\' ([Errno -3] Temporary failure in name resolution)\"))'), '(Request ID: 1c30bea1-b1b0-4e83-b96f-cb5701a6e2e0)')' thrown while requesting HEAD https://huggingface.co/gpt2/resolve/main/tokenizer_config.json\n"}
,{"stream_name":"stderr","time":106.255807025,"data":"\n"}
,{"stream_name":"stderr","time":106.255827618,"data":"'(MaxRetryError('HTTPSConnectionPool(host=\\'huggingface.co\\', port=443): Max retries exceeded with url: /gpt2/resolve/main/tokenizer_config.json (Caused by NameResolutionError(\"HTTPSConnection(host=\\'huggingface.co\\', port=443): Failed to resolve \\'huggingface.co\\' ([Errno -3] Temporary failure in name resolution)\"))'), '(Request ID: 1c30bea1-b1b0-4e83-b96f-cb5701a6e2e0)')' thrown while requesting HEAD https://huggingface.co/gpt2/resolve/main/tokenizer_config.json\n"}
,{"stream_name":"stderr","time":106.256604823,"data":"WARNING:huggingface_hub.utils._http:'(MaxRetryError('HTTPSConnectionPool(host=\\'huggingface.co\\', port=443): Max retries exceeded with url: /gpt2/resolve/main/tokenizer_config.json (Caused by NameResolutionError(\"HTTPSConnection(host=\\'huggingface.co\\', port=443): Failed to resolve \\'huggingface.co\\' ([Errno -3] Temporary failure in name resolution)\"))'), '(Request ID: 1c30bea1-b1b0-4e83-b96f-cb5701a6e2e0)')' thrown while requesting HEAD https://huggingface.co/gpt2/resolve/main/tokenizer_config.json\n"}
,{"stream_name":"stderr","time":106.256616115,"data":"\n"}
,{"stream_name":"stderr","time":106.256621086,"data":"WARNING:huggingface_hub.utils._http:'(MaxRetryError('HTTPSConnectionPool(host=\\'huggingface.co\\', port=443): Max retries exceeded with url: /gpt2/resolve/main/tokenizer_config.json (Caused by NameResolutionError(\"HTTPSConnection(host=\\'huggingface.co\\', port=443): Failed to resolve \\'huggingface.co\\' ([Errno -3] Temporary failure in name resolution)\"))'), '(Request ID: 1c30bea1-b1b0-4e83-b96f-cb5701a6e2e0)')' thrown while requesting HEAD https://huggingface.co/gpt2/resolve/main/tokenizer_config.json\n"}
,{"stream_name":"stderr","time":106.257365673,"data":"Retrying in 2s [Retry 2/5].\n"}
,{"stream_name":"stderr","time":106.257377716,"data":"\n"}
,{"stream_name":"stderr","time":106.257382517,"data":"Retrying in 2s [Retry 2/5].\n"}
,{"stream_name":"stderr","time":106.25810483,"data":"WARNING:huggingface_hub.utils._http:Retrying in 2s [Retry 2/5].\n"}
,{"stream_name":"stderr","time":106.258115214,"data":"\n"}
,{"stream_name":"stderr","time":106.258119659,"data":"WARNING:huggingface_hub.utils._http:Retrying in 2s [Retry 2/5].\n"}
,{"stream_name":"stderr","time":140.269303947,"data":"'(MaxRetryError('HTTPSConnectionPool(host=\\'huggingface.co\\', port=443): Max retries exceeded with url: /gpt2/resolve/main/tokenizer_config.json (Caused by NameResolutionError(\"HTTPSConnection(host=\\'huggingface.co\\', port=443): Failed to resolve \\'huggingface.co\\' ([Errno -3] Temporary failure in name resolution)\"))'), '(Request ID: f0d72235-d6a5-4542-a5e6-34092a80ad1a)')' thrown while requesting HEAD https://huggingface.co/gpt2/resolve/main/tokenizer_config.json\n"}
,{"stream_name":"stderr","time":140.269342899,"data":"\n"}
,{"stream_name":"stderr","time":140.269346964,"data":"'(MaxRetryError('HTTPSConnectionPool(host=\\'huggingface.co\\', port=443): Max retries exceeded with url: /gpt2/resolve/main/tokenizer_config.json (Caused by NameResolutionError(\"HTTPSConnection(host=\\'huggingface.co\\', port=443): Failed to resolve \\'huggingface.co\\' ([Errno -3] Temporary failure in name resolution)\"))'), '(Request ID: f0d72235-d6a5-4542-a5e6-34092a80ad1a)')' thrown while requesting HEAD https://huggingface.co/gpt2/resolve/main/tokenizer_config.json\n"}
,{"stream_name":"stderr","time":140.270088159,"data":"WARNING:huggingface_hub.utils._http:'(MaxRetryError('HTTPSConnectionPool(host=\\'huggingface.co\\', port=443): Max retries exceeded with url: /gpt2/resolve/main/tokenizer_config.json (Caused by NameResolutionError(\"HTTPSConnection(host=\\'huggingface.co\\', port=443): Failed to resolve \\'huggingface.co\\' ([Errno -3] Temporary failure in name resolution)\"))'), '(Request ID: f0d72235-d6a5-4542-a5e6-34092a80ad1a)')' thrown while requesting HEAD https://huggingface.co/gpt2/resolve/main/tokenizer_config.json\n"}
,{"stream_name":"stderr","time":140.270102083,"data":"\n"}
,{"stream_name":"stderr","time":140.27010464,"data":"WARNING:huggingface_hub.utils._http:'(MaxRetryError('HTTPSConnectionPool(host=\\'huggingface.co\\', port=443): Max retries exceeded with url: /gpt2/resolve/main/tokenizer_config.json (Caused by NameResolutionError(\"HTTPSConnection(host=\\'huggingface.co\\', port=443): Failed to resolve \\'huggingface.co\\' ([Errno -3] Temporary failure in name resolution)\"))'), '(Request ID: f0d72235-d6a5-4542-a5e6-34092a80ad1a)')' thrown while requesting HEAD https://huggingface.co/gpt2/resolve/main/tokenizer_config.json\n"}
,{"stream_name":"stderr","time":140.270763299,"data":"Retrying in 4s [Retry 3/5].\n"}
,{"stream_name":"stderr","time":140.270770065,"data":"\n"}
,{"stream_name":"stderr","time":140.270774159,"data":"Retrying in 4s [Retry 3/5].\n"}
,{"stream_name":"stderr","time":140.271465604,"data":"WARNING:huggingface_hub.utils._http:Retrying in 4s [Retry 3/5].\n"}
,{"stream_name":"stderr","time":140.271477496,"data":"\n"}
,{"stream_name":"stderr","time":140.271481087,"data":"WARNING:huggingface_hub.utils._http:Retrying in 4s [Retry 3/5].\n"}
,{"stream_name":"stderr","time":176.279751809,"data":"'(MaxRetryError('HTTPSConnectionPool(host=\\'huggingface.co\\', port=443): Max retries exceeded with url: /gpt2/resolve/main/tokenizer_config.json (Caused by NameResolutionError(\"HTTPSConnection(host=\\'huggingface.co\\', port=443): Failed to resolve \\'huggingface.co\\' ([Errno -3] Temporary failure in name resolution)\"))'), '(Request ID: da927194-f7eb-44b7-936d-417074d515a8)')' thrown while requesting HEAD https://huggingface.co/gpt2/resolve/main/tokenizer_config.json\n"}
,{"stream_name":"stderr","time":176.279794018,"data":"\n"}
,{"stream_name":"stderr","time":176.279798261,"data":"'(MaxRetryError('HTTPSConnectionPool(host=\\'huggingface.co\\', port=443): Max retries exceeded with url: /gpt2/resolve/main/tokenizer_config.json (Caused by NameResolutionError(\"HTTPSConnection(host=\\'huggingface.co\\', port=443): Failed to resolve \\'huggingface.co\\' ([Errno -3] Temporary failure in name resolution)\"))'), '(Request ID: da927194-f7eb-44b7-936d-417074d515a8)')' thrown while requesting HEAD https://huggingface.co/gpt2/resolve/main/tokenizer_config.json\n"}
,{"stream_name":"stderr","time":176.280515021,"data":"WARNING:huggingface_hub.utils._http:'(MaxRetryError('HTTPSConnectionPool(host=\\'huggingface.co\\', port=443): Max retries exceeded with url: /gpt2/resolve/main/tokenizer_config.json (Caused by NameResolutionError(\"HTTPSConnection(host=\\'huggingface.co\\', port=443): Failed to resolve \\'huggingface.co\\' ([Errno -3] Temporary failure in name resolution)\"))'), '(Request ID: da927194-f7eb-44b7-936d-417074d515a8)')' thrown while requesting HEAD https://huggingface.co/gpt2/resolve/main/tokenizer_config.json\n"}
,{"stream_name":"stderr","time":176.280527799,"data":"\n"}
,{"stream_name":"stderr","time":176.280540827,"data":"WARNING:huggingface_hub.utils._http:'(MaxRetryError('HTTPSConnectionPool(host=\\'huggingface.co\\', port=443): Max retries exceeded with url: /gpt2/resolve/main/tokenizer_config.json (Caused by NameResolutionError(\"HTTPSConnection(host=\\'huggingface.co\\', port=443): Failed to resolve \\'huggingface.co\\' ([Errno -3] Temporary failure in name resolution)\"))'), '(Request ID: da927194-f7eb-44b7-936d-417074d515a8)')' thrown while requesting HEAD https://huggingface.co/gpt2/resolve/main/tokenizer_config.json\n"}
,{"stream_name":"stderr","time":176.281276587,"data":"Retrying in 8s [Retry 4/5].\n"}
,{"stream_name":"stderr","time":176.281286367,"data":"\n"}
,{"stream_name":"stderr","time":176.28129025,"data":"Retrying in 8s [Retry 4/5].\n"}
,{"stream_name":"stderr","time":176.282003188,"data":"WARNING:huggingface_hub.utils._http:Retrying in 8s [Retry 4/5].\n"}
,{"stream_name":"stderr","time":176.282013735,"data":"\n"}
,{"stream_name":"stderr","time":176.282018149,"data":"WARNING:huggingface_hub.utils._http:Retrying in 8s [Retry 4/5].\n"}
,{"stream_name":"stderr","time":216.29177577,"data":"'(MaxRetryError('HTTPSConnectionPool(host=\\'huggingface.co\\', port=443): Max retries exceeded with url: /gpt2/resolve/main/tokenizer_config.json (Caused by NameResolutionError(\"HTTPSConnection(host=\\'huggingface.co\\', port=443): Failed to resolve \\'huggingface.co\\' ([Errno -3] Temporary failure in name resolution)\"))'), '(Request ID: b74a05fb-e180-4abd-86d1-cf73fd11cfb0)')' thrown while requesting HEAD https://huggingface.co/gpt2/resolve/main/tokenizer_config.json\n"}
,{"stream_name":"stderr","time":216.291823928,"data":"\n"}
,{"stream_name":"stderr","time":216.291832933,"data":"'(MaxRetryError('HTTPSConnectionPool(host=\\'huggingface.co\\', port=443): Max retries exceeded with url: /gpt2/resolve/main/tokenizer_config.json (Caused by NameResolutionError(\"HTTPSConnection(host=\\'huggingface.co\\', port=443): Failed to resolve \\'huggingface.co\\' ([Errno -3] Temporary failure in name resolution)\"))'), '(Request ID: b74a05fb-e180-4abd-86d1-cf73fd11cfb0)')' thrown while requesting HEAD https://huggingface.co/gpt2/resolve/main/tokenizer_config.json\n"}
,{"stream_name":"stderr","time":216.292570914,"data":"WARNING:huggingface_hub.utils._http:'(MaxRetryError('HTTPSConnectionPool(host=\\'huggingface.co\\', port=443): Max retries exceeded with url: /gpt2/resolve/main/tokenizer_config.json (Caused by NameResolutionError(\"HTTPSConnection(host=\\'huggingface.co\\', port=443): Failed to resolve \\'huggingface.co\\' ([Errno -3] Temporary failure in name resolution)\"))'), '(Request ID: b74a05fb-e180-4abd-86d1-cf73fd11cfb0)')' thrown while requesting HEAD https://huggingface.co/gpt2/resolve/main/tokenizer_config.json\n"}
,{"stream_name":"stderr","time":216.292592153,"data":"\n"}
,{"stream_name":"stderr","time":216.292597757,"data":"WARNING:huggingface_hub.utils._http:'(MaxRetryError('HTTPSConnectionPool(host=\\'huggingface.co\\', port=443): Max retries exceeded with url: /gpt2/resolve/main/tokenizer_config.json (Caused by NameResolutionError(\"HTTPSConnection(host=\\'huggingface.co\\', port=443): Failed to resolve \\'huggingface.co\\' ([Errno -3] Temporary failure in name resolution)\"))'), '(Request ID: b74a05fb-e180-4abd-86d1-cf73fd11cfb0)')' thrown while requesting HEAD https://huggingface.co/gpt2/resolve/main/tokenizer_config.json\n"}
,{"stream_name":"stderr","time":216.293296088,"data":"Retrying in 8s [Retry 5/5].\n"}
,{"stream_name":"stderr","time":216.293313289,"data":"\n"}
,{"stream_name":"stderr","time":216.293318553,"data":"Retrying in 8s [Retry 5/5].\n"}
,{"stream_name":"stderr","time":216.294017444,"data":"WARNING:huggingface_hub.utils._http:Retrying in 8s [Retry 5/5].\n"}
,{"stream_name":"stderr","time":216.294034297,"data":"\n"}
,{"stream_name":"stderr","time":216.294049879,"data":"WARNING:huggingface_hub.utils._http:Retrying in 8s [Retry 5/5].\n"}
,{"stream_name":"stderr","time":256.301943546,"data":"'(MaxRetryError('HTTPSConnectionPool(host=\\'huggingface.co\\', port=443): Max retries exceeded with url: /gpt2/resolve/main/tokenizer_config.json (Caused by NameResolutionError(\"HTTPSConnection(host=\\'huggingface.co\\', port=443): Failed to resolve \\'huggingface.co\\' ([Errno -3] Temporary failure in name resolution)\"))'), '(Request ID: bf965909-76ec-4a7e-895f-f8914ffac172)')' thrown while requesting HEAD https://huggingface.co/gpt2/resolve/main/tokenizer_config.json\n"}
,{"stream_name":"stderr","time":256.301997868,"data":"\n"}
,{"stream_name":"stderr","time":256.302003853,"data":"'(MaxRetryError('HTTPSConnectionPool(host=\\'huggingface.co\\', port=443): Max retries exceeded with url: /gpt2/resolve/main/tokenizer_config.json (Caused by NameResolutionError(\"HTTPSConnection(host=\\'huggingface.co\\', port=443): Failed to resolve \\'huggingface.co\\' ([Errno -3] Temporary failure in name resolution)\"))'), '(Request ID: bf965909-76ec-4a7e-895f-f8914ffac172)')' thrown while requesting HEAD https://huggingface.co/gpt2/resolve/main/tokenizer_config.json\n"}
,{"stream_name":"stderr","time":256.302692723,"data":"WARNING:huggingface_hub.utils._http:'(MaxRetryError('HTTPSConnectionPool(host=\\'huggingface.co\\', port=443): Max retries exceeded with url: /gpt2/resolve/main/tokenizer_config.json (Caused by NameResolutionError(\"HTTPSConnection(host=\\'huggingface.co\\', port=443): Failed to resolve \\'huggingface.co\\' ([Errno -3] Temporary failure in name resolution)\"))'), '(Request ID: bf965909-76ec-4a7e-895f-f8914ffac172)')' thrown while requesting HEAD https://huggingface.co/gpt2/resolve/main/tokenizer_config.json\n"}
,{"stream_name":"stderr","time":256.302703966,"data":"\n"}
,{"stream_name":"stderr","time":256.302710723,"data":"WARNING:huggingface_hub.utils._http:'(MaxRetryError('HTTPSConnectionPool(host=\\'huggingface.co\\', port=443): Max retries exceeded with url: /gpt2/resolve/main/tokenizer_config.json (Caused by NameResolutionError(\"HTTPSConnection(host=\\'huggingface.co\\', port=443): Failed to resolve \\'huggingface.co\\' ([Errno -3] Temporary failure in name resolution)\"))'), '(Request ID: bf965909-76ec-4a7e-895f-f8914ffac172)')' thrown while requesting HEAD https://huggingface.co/gpt2/resolve/main/tokenizer_config.json\n"}
,{"stream_name":"stderr","time":288.313479463,"data":"'(MaxRetryError('HTTPSConnectionPool(host=\\'huggingface.co\\', port=443): Max retries exceeded with url: /gpt2/resolve/main/config.json (Caused by NameResolutionError(\"HTTPSConnection(host=\\'huggingface.co\\', port=443): Failed to resolve \\'huggingface.co\\' ([Errno -3] Temporary failure in name resolution)\"))'), '(Request ID: cd273a31-d8ef-4475-a700-67d4f293f0ad)')' thrown while requesting HEAD https://huggingface.co/gpt2/resolve/main/config.json\n"}
,{"stream_name":"stderr","time":288.313512839,"data":"\n"}
,{"stream_name":"stderr","time":288.313518837,"data":"'(MaxRetryError('HTTPSConnectionPool(host=\\'huggingface.co\\', port=443): Max retries exceeded with url: /gpt2/resolve/main/config.json (Caused by NameResolutionError(\"HTTPSConnection(host=\\'huggingface.co\\', port=443): Failed to resolve \\'huggingface.co\\' ([Errno -3] Temporary failure in name resolution)\"))'), '(Request ID: cd273a31-d8ef-4475-a700-67d4f293f0ad)')' thrown while requesting HEAD https://huggingface.co/gpt2/resolve/main/config.json\n"}
,{"stream_name":"stderr","time":288.314240944,"data":"WARNING:huggingface_hub.utils._http:'(MaxRetryError('HTTPSConnectionPool(host=\\'huggingface.co\\', port=443): Max retries exceeded with url: /gpt2/resolve/main/config.json (Caused by NameResolutionError(\"HTTPSConnection(host=\\'huggingface.co\\', port=443): Failed to resolve \\'huggingface.co\\' ([Errno -3] Temporary failure in name resolution)\"))'), '(Request ID: cd273a31-d8ef-4475-a700-67d4f293f0ad)')' thrown while requesting HEAD https://huggingface.co/gpt2/resolve/main/config.json\n"}
,{"stream_name":"stderr","time":288.314274901,"data":"\n"}
,{"stream_name":"stderr","time":288.314279566,"data":"WARNING:huggingface_hub.utils._http:'(MaxRetryError('HTTPSConnectionPool(host=\\'huggingface.co\\', port=443): Max retries exceeded with url: /gpt2/resolve/main/config.json (Caused by NameResolutionError(\"HTTPSConnection(host=\\'huggingface.co\\', port=443): Failed to resolve \\'huggingface.co\\' ([Errno -3] Temporary failure in name resolution)\"))'), '(Request ID: cd273a31-d8ef-4475-a700-67d4f293f0ad)')' thrown while requesting HEAD https://huggingface.co/gpt2/resolve/main/config.json\n"}
,{"stream_name":"stderr","time":288.314906182,"data":"Retrying in 1s [Retry 1/5].\n"}
,{"stream_name":"stderr","time":288.314921876,"data":"\n"}
,{"stream_name":"stderr","time":288.314926018,"data":"Retrying in 1s [Retry 1/5].\n"}
,{"stream_name":"stderr","time":288.31556194,"data":"WARNING:huggingface_hub.utils._http:Retrying in 1s [Retry 1/5].\n"}
,{"stream_name":"stderr","time":288.315572284,"data":"\n"}
,{"stream_name":"stderr","time":288.315576634,"data":"WARNING:huggingface_hub.utils._http:Retrying in 1s [Retry 1/5].\n"}
,{"stream_name":"stderr","time":321.326475751,"data":"'(MaxRetryError('HTTPSConnectionPool(host=\\'huggingface.co\\', port=443): Max retries exceeded with url: /gpt2/resolve/main/config.json (Caused by NameResolutionError(\"HTTPSConnection(host=\\'huggingface.co\\', port=443): Failed to resolve \\'huggingface.co\\' ([Errno -3] Temporary failure in name resolution)\"))'), '(Request ID: 5102f33b-d435-4f7f-b0e0-3e7f7ea0cfe1)')' thrown while requesting HEAD https://huggingface.co/gpt2/resolve/main/config.json\n"}
,{"stream_name":"stderr","time":321.32650573,"data":"\n"}
,{"stream_name":"stderr","time":321.326512024,"data":"'(MaxRetryError('HTTPSConnectionPool(host=\\'huggingface.co\\', port=443): Max retries exceeded with url: /gpt2/resolve/main/config.json (Caused by NameResolutionError(\"HTTPSConnection(host=\\'huggingface.co\\', port=443): Failed to resolve \\'huggingface.co\\' ([Errno -3] Temporary failure in name resolution)\"))'), '(Request ID: 5102f33b-d435-4f7f-b0e0-3e7f7ea0cfe1)')' thrown while requesting HEAD https://huggingface.co/gpt2/resolve/main/config.json\n"}
,{"stream_name":"stderr","time":321.327285913,"data":"WARNING:huggingface_hub.utils._http:'(MaxRetryError('HTTPSConnectionPool(host=\\'huggingface.co\\', port=443): Max retries exceeded with url: /gpt2/resolve/main/config.json (Caused by NameResolutionError(\"HTTPSConnection(host=\\'huggingface.co\\', port=443): Failed to resolve \\'huggingface.co\\' ([Errno -3] Temporary failure in name resolution)\"))'), '(Request ID: 5102f33b-d435-4f7f-b0e0-3e7f7ea0cfe1)')' thrown while requesting HEAD https://huggingface.co/gpt2/resolve/main/config.json\n"}
,{"stream_name":"stderr","time":321.327307536,"data":"\n"}
,{"stream_name":"stderr","time":321.327313093,"data":"WARNING:huggingface_hub.utils._http:'(MaxRetryError('HTTPSConnectionPool(host=\\'huggingface.co\\', port=443): Max retries exceeded with url: /gpt2/resolve/main/config.json (Caused by NameResolutionError(\"HTTPSConnection(host=\\'huggingface.co\\', port=443): Failed to resolve \\'huggingface.co\\' ([Errno -3] Temporary failure in name resolution)\"))'), '(Request ID: 5102f33b-d435-4f7f-b0e0-3e7f7ea0cfe1)')' thrown while requesting HEAD https://huggingface.co/gpt2/resolve/main/config.json\n"}
,{"stream_name":"stderr","time":321.328028558,"data":"Retrying in 2s [Retry 2/5].\n"}
,{"stream_name":"stderr","time":321.32804582,"data":"\n"}
,{"stream_name":"stderr","time":321.328051173,"data":"Retrying in 2s [Retry 2/5].\n"}
,{"stream_name":"stderr","time":321.328640292,"data":"WARNING:huggingface_hub.utils._http:Retrying in 2s [Retry 2/5].\n"}
,{"stream_name":"stderr","time":321.328666868,"data":"\n"}
,{"stream_name":"stderr","time":321.328671572,"data":"WARNING:huggingface_hub.utils._http:Retrying in 2s [Retry 2/5].\n"}
,{"stream_name":"stderr","time":355.337713789,"data":"'(MaxRetryError('HTTPSConnectionPool(host=\\'huggingface.co\\', port=443): Max retries exceeded with url: /gpt2/resolve/main/config.json (Caused by NameResolutionError(\"HTTPSConnection(host=\\'huggingface.co\\', port=443): Failed to resolve \\'huggingface.co\\' ([Errno -3] Temporary failure in name resolution)\"))'), '(Request ID: 4f9635d4-262e-4486-9816-dd11a2ff1f45)')' thrown while requesting HEAD https://huggingface.co/gpt2/resolve/main/config.json\n"}
,{"stream_name":"stderr","time":355.337746628,"data":"\n"}
,{"stream_name":"stderr","time":355.337752409,"data":"'(MaxRetryError('HTTPSConnectionPool(host=\\'huggingface.co\\', port=443): Max retries exceeded with url: /gpt2/resolve/main/config.json (Caused by NameResolutionError(\"HTTPSConnection(host=\\'huggingface.co\\', port=443): Failed to resolve \\'huggingface.co\\' ([Errno -3] Temporary failure in name resolution)\"))'), '(Request ID: 4f9635d4-262e-4486-9816-dd11a2ff1f45)')' thrown while requesting HEAD https://huggingface.co/gpt2/resolve/main/config.json\n"}
,{"stream_name":"stderr","time":355.33856625,"data":"WARNING:huggingface_hub.utils._http:'(MaxRetryError('HTTPSConnectionPool(host=\\'huggingface.co\\', port=443): Max retries exceeded with url: /gpt2/resolve/main/config.json (Caused by NameResolutionError(\"HTTPSConnection(host=\\'huggingface.co\\', port=443): Failed to resolve \\'huggingface.co\\' ([Errno -3] Temporary failure in name resolution)\"))'), '(Request ID: 4f9635d4-262e-4486-9816-dd11a2ff1f45)')' thrown while requesting HEAD https://huggingface.co/gpt2/resolve/main/config.json\n"}
,{"stream_name":"stderr","time":355.338587081,"data":"\n"}
,{"stream_name":"stderr","time":355.338591915,"data":"WARNING:huggingface_hub.utils._http:'(MaxRetryError('HTTPSConnectionPool(host=\\'huggingface.co\\', port=443): Max retries exceeded with url: /gpt2/resolve/main/config.json (Caused by NameResolutionError(\"HTTPSConnection(host=\\'huggingface.co\\', port=443): Failed to resolve \\'huggingface.co\\' ([Errno -3] Temporary failure in name resolution)\"))'), '(Request ID: 4f9635d4-262e-4486-9816-dd11a2ff1f45)')' thrown while requesting HEAD https://huggingface.co/gpt2/resolve/main/config.json\n"}
,{"stream_name":"stderr","time":355.339257902,"data":"Retrying in 4s [Retry 3/5].\n"}
,{"stream_name":"stderr","time":355.339274874,"data":"\n"}
,{"stream_name":"stderr","time":355.339279111,"data":"Retrying in 4s [Retry 3/5].\n"}
,{"stream_name":"stderr","time":355.339901436,"data":"WARNING:huggingface_hub.utils._http:Retrying in 4s [Retry 3/5].\n"}
,{"stream_name":"stderr","time":355.339915645,"data":"\n"}
,{"stream_name":"stderr","time":355.339920527,"data":"WARNING:huggingface_hub.utils._http:Retrying in 4s [Retry 3/5].\n"}
,{"stream_name":"stderr","time":391.349341166,"data":"'(MaxRetryError('HTTPSConnectionPool(host=\\'huggingface.co\\', port=443): Max retries exceeded with url: /gpt2/resolve/main/config.json (Caused by NameResolutionError(\"HTTPSConnection(host=\\'huggingface.co\\', port=443): Failed to resolve \\'huggingface.co\\' ([Errno -3] Temporary failure in name resolution)\"))'), '(Request ID: e73d2a31-e85f-4365-91ea-662c6cac54f4)')' thrown while requesting HEAD https://huggingface.co/gpt2/resolve/main/config.json\n"}
,{"stream_name":"stderr","time":391.349367972,"data":"\n"}
,{"stream_name":"stderr","time":391.349374517,"data":"'(MaxRetryError('HTTPSConnectionPool(host=\\'huggingface.co\\', port=443): Max retries exceeded with url: /gpt2/resolve/main/config.json (Caused by NameResolutionError(\"HTTPSConnection(host=\\'huggingface.co\\', port=443): Failed to resolve \\'huggingface.co\\' ([Errno -3] Temporary failure in name resolution)\"))'), '(Request ID: e73d2a31-e85f-4365-91ea-662c6cac54f4)')' thrown while requesting HEAD https://huggingface.co/gpt2/resolve/main/config.json\n"}
,{"stream_name":"stderr","time":391.350137667,"data":"WARNING:huggingface_hub.utils._http:'(MaxRetryError('HTTPSConnectionPool(host=\\'huggingface.co\\', port=443): Max retries exceeded with url: /gpt2/resolve/main/config.json (Caused by NameResolutionError(\"HTTPSConnection(host=\\'huggingface.co\\', port=443): Failed to resolve \\'huggingface.co\\' ([Errno -3] Temporary failure in name resolution)\"))'), '(Request ID: e73d2a31-e85f-4365-91ea-662c6cac54f4)')' thrown while requesting HEAD https://huggingface.co/gpt2/resolve/main/config.json\n"}
,{"stream_name":"stderr","time":391.350153986,"data":"\n"}
,{"stream_name":"stderr","time":391.350159244,"data":"WARNING:huggingface_hub.utils._http:'(MaxRetryError('HTTPSConnectionPool(host=\\'huggingface.co\\', port=443): Max retries exceeded with url: /gpt2/resolve/main/config.json (Caused by NameResolutionError(\"HTTPSConnection(host=\\'huggingface.co\\', port=443): Failed to resolve \\'huggingface.co\\' ([Errno -3] Temporary failure in name resolution)\"))'), '(Request ID: e73d2a31-e85f-4365-91ea-662c6cac54f4)')' thrown while requesting HEAD https://huggingface.co/gpt2/resolve/main/config.json\n"}
,{"stream_name":"stderr","time":391.351067554,"data":"Retrying in 8s [Retry 4/5].\n"}
,{"stream_name":"stderr","time":391.35108496,"data":"\n"}
,{"stream_name":"stderr","time":391.351089448,"data":"Retrying in 8s [Retry 4/5].\n"}
,{"stream_name":"stderr","time":391.351772441,"data":"WARNING:huggingface_hub.utils._http:Retrying in 8s [Retry 4/5].\n"}
,{"stream_name":"stderr","time":391.351779797,"data":"\n"}
,{"stream_name":"stderr","time":391.35178418,"data":"WARNING:huggingface_hub.utils._http:Retrying in 8s [Retry 4/5].\n"}
,{"stream_name":"stderr","time":431.35953736,"data":"'(MaxRetryError('HTTPSConnectionPool(host=\\'huggingface.co\\', port=443): Max retries exceeded with url: /gpt2/resolve/main/config.json (Caused by NameResolutionError(\"HTTPSConnection(host=\\'huggingface.co\\', port=443): Failed to resolve \\'huggingface.co\\' ([Errno -3] Temporary failure in name resolution)\"))'), '(Request ID: a9cc3c7d-b9fd-4b0b-b9cc-aab3af4c62d6)')' thrown while requesting HEAD https://huggingface.co/gpt2/resolve/main/config.json\n"}
,{"stream_name":"stderr","time":431.359570939,"data":"\n"}
,{"stream_name":"stderr","time":431.359578246,"data":"'(MaxRetryError('HTTPSConnectionPool(host=\\'huggingface.co\\', port=443): Max retries exceeded with url: /gpt2/resolve/main/config.json (Caused by NameResolutionError(\"HTTPSConnection(host=\\'huggingface.co\\', port=443): Failed to resolve \\'huggingface.co\\' ([Errno -3] Temporary failure in name resolution)\"))'), '(Request ID: a9cc3c7d-b9fd-4b0b-b9cc-aab3af4c62d6)')' thrown while requesting HEAD https://huggingface.co/gpt2/resolve/main/config.json\n"}
,{"stream_name":"stderr","time":431.360392302,"data":"WARNING:huggingface_hub.utils._http:'(MaxRetryError('HTTPSConnectionPool(host=\\'huggingface.co\\', port=443): Max retries exceeded with url: /gpt2/resolve/main/config.json (Caused by NameResolutionError(\"HTTPSConnection(host=\\'huggingface.co\\', port=443): Failed to resolve \\'huggingface.co\\' ([Errno -3] Temporary failure in name resolution)\"))'), '(Request ID: a9cc3c7d-b9fd-4b0b-b9cc-aab3af4c62d6)')' thrown while requesting HEAD https://huggingface.co/gpt2/resolve/main/config.json\n"}
,{"stream_name":"stderr","time":431.360412423,"data":"\n"}
,{"stream_name":"stderr","time":431.360418566,"data":"WARNING:huggingface_hub.utils._http:'(MaxRetryError('HTTPSConnectionPool(host=\\'huggingface.co\\', port=443): Max retries exceeded with url: /gpt2/resolve/main/config.json (Caused by NameResolutionError(\"HTTPSConnection(host=\\'huggingface.co\\', port=443): Failed to resolve \\'huggingface.co\\' ([Errno -3] Temporary failure in name resolution)\"))'), '(Request ID: a9cc3c7d-b9fd-4b0b-b9cc-aab3af4c62d6)')' thrown while requesting HEAD https://huggingface.co/gpt2/resolve/main/config.json\n"}
,{"stream_name":"stderr","time":431.361109476,"data":"Retrying in 8s [Retry 5/5].\n"}
,{"stream_name":"stderr","time":431.361125119,"data":"\n"}
,{"stream_name":"stderr","time":431.361129599,"data":"Retrying in 8s [Retry 5/5].\n"}
,{"stream_name":"stderr","time":431.361767005,"data":"WARNING:huggingface_hub.utils._http:Retrying in 8s [Retry 5/5].\n"}
,{"stream_name":"stderr","time":431.361777593,"data":"\n"}
,{"stream_name":"stderr","time":431.361781497,"data":"WARNING:huggingface_hub.utils._http:Retrying in 8s [Retry 5/5].\n"}
,{"stream_name":"stderr","time":471.369865439,"data":"'(MaxRetryError('HTTPSConnectionPool(host=\\'huggingface.co\\', port=443): Max retries exceeded with url: /gpt2/resolve/main/config.json (Caused by NameResolutionError(\"HTTPSConnection(host=\\'huggingface.co\\', port=443): Failed to resolve \\'huggingface.co\\' ([Errno -3] Temporary failure in name resolution)\"))'), '(Request ID: f78c03f8-a709-494e-843a-d4a49b1bef3f)')' thrown while requesting HEAD https://huggingface.co/gpt2/resolve/main/config.json\n"}
,{"stream_name":"stderr","time":471.36989207,"data":"\n"}
,{"stream_name":"stderr","time":471.369897947,"data":"'(MaxRetryError('HTTPSConnectionPool(host=\\'huggingface.co\\', port=443): Max retries exceeded with url: /gpt2/resolve/main/config.json (Caused by NameResolutionError(\"HTTPSConnection(host=\\'huggingface.co\\', port=443): Failed to resolve \\'huggingface.co\\' ([Errno -3] Temporary failure in name resolution)\"))'), '(Request ID: f78c03f8-a709-494e-843a-d4a49b1bef3f)')' thrown while requesting HEAD https://huggingface.co/gpt2/resolve/main/config.json\n"}
,{"stream_name":"stderr","time":471.370656442,"data":"WARNING:huggingface_hub.utils._http:'(MaxRetryError('HTTPSConnectionPool(host=\\'huggingface.co\\', port=443): Max retries exceeded with url: /gpt2/resolve/main/config.json (Caused by NameResolutionError(\"HTTPSConnection(host=\\'huggingface.co\\', port=443): Failed to resolve \\'huggingface.co\\' ([Errno -3] Temporary failure in name resolution)\"))'), '(Request ID: f78c03f8-a709-494e-843a-d4a49b1bef3f)')' thrown while requesting HEAD https://huggingface.co/gpt2/resolve/main/config.json\n"}
,{"stream_name":"stderr","time":471.370679429,"data":"\n"}
,{"stream_name":"stderr","time":471.370685515,"data":"WARNING:huggingface_hub.utils._http:'(MaxRetryError('HTTPSConnectionPool(host=\\'huggingface.co\\', port=443): Max retries exceeded with url: /gpt2/resolve/main/config.json (Caused by NameResolutionError(\"HTTPSConnection(host=\\'huggingface.co\\', port=443): Failed to resolve \\'huggingface.co\\' ([Errno -3] Temporary failure in name resolution)\"))'), '(Request ID: f78c03f8-a709-494e-843a-d4a49b1bef3f)')' thrown while requesting HEAD https://huggingface.co/gpt2/resolve/main/config.json\n"}
,{"stream_name":"stdout","time":471.391242519,"data":"❌ Failed to load model: We couldn't connect to 'https://huggingface.co' to load the files, and couldn't find them in the cached files.\n"}
,{"stream_name":"stdout","time":471.391270748,"data":"Check your internet connection or see how to run the library in offline mode at 'https://huggingface.co/docs/transformers/installation#offline-mode'.\n"}
,{"stream_name":"stderr","time":474.390388246,"data":"Traceback (most recent call last):\n"}
,{"stream_name":"stderr","time":474.390414703,"data":"  File \"\u003cstring\u003e\", line 1, in \u003cmodule\u003e\n"}
,{"stream_name":"stderr","time":474.390421073,"data":"  File \"/usr/local/lib/python3.12/dist-packages/papermill/execute.py\", line 131, in execute_notebook\n"}
,{"stream_name":"stderr","time":474.390569598,"data":"    raise_for_execution_errors(nb, output_path)\n"}
,{"stream_name":"stderr","time":474.390595939,"data":"  File \"/usr/local/lib/python3.12/dist-packages/papermill/execute.py\", line 251, in raise_for_execution_errors\n"}
,{"stream_name":"stderr","time":474.390763754,"data":"    raise error\n"}
,{"stream_name":"stderr","time":474.391609085,"data":"papermill.exceptions.PapermillExecutionError: \n"}
,{"stream_name":"stderr","time":474.391636906,"data":"---------------------------------------------------------------------------\n"}
,{"stream_name":"stderr","time":474.391643258,"data":"Exception encountered at \"In [6]\":\n"}
,{"stream_name":"stderr","time":474.391647706,"data":"---------------------------------------------------------------------------\n"}
,{"stream_name":"stderr","time":474.391652174,"data":"gaierror                                  Traceback (most recent call last)\n"}
,{"stream_name":"stderr","time":474.391656637,"data":"/usr/local/lib/python3.12/dist-packages/urllib3/connection.py in _new_conn(self)\n"}
,{"stream_name":"stderr","time":474.391661045,"data":"    203         try:\n"}
,{"stream_name":"stderr","time":474.391665096,"data":"--\u003e 204             sock = connection.create_connection(\n"}
,{"stream_name":"stderr","time":474.391668958,"data":"    205                 (self._dns_host, self.port),\n"}
,{"stream_name":"stderr","time":474.391672549,"data":"\n"}
,{"stream_name":"stderr","time":474.391675899,"data":"/usr/local/lib/python3.12/dist-packages/urllib3/util/connection.py in create_connection(address, timeout, source_address, socket_options)\n"}
,{"stream_name":"stderr","time":474.391680111,"data":"     59 \n"}
,{"stream_name":"stderr","time":474.391682659,"data":"---\u003e 60     for res in socket.getaddrinfo(host, port, family, socket.SOCK_STREAM):\n"}
,{"stream_name":"stderr","time":474.391685068,"data":"     61         af, socktype, proto, canonname, sa = res\n"}
,{"stream_name":"stderr","time":474.391687394,"data":"\n"}
,{"stream_name":"stderr","time":474.391689605,"data":"/usr/lib/python3.12/socket.py in getaddrinfo(host, port, family, type, proto, flags)\n"}
,{"stream_name":"stderr","time":474.391691959,"data":"    977     addrlist = []\n"}
,{"stream_name":"stderr","time":474.391694221,"data":"--\u003e 978     for res in _socket.getaddrinfo(host, port, family, type, proto, flags):\n"}
,{"stream_name":"stderr","time":474.391696607,"data":"    979         af, socktype, proto, canonname, sa = res\n"}
,{"stream_name":"stderr","time":474.391698891,"data":"\n"}
,{"stream_name":"stderr","time":474.391701024,"data":"gaierror: [Errno -3] Temporary failure in name resolution\n"}
,{"stream_name":"stderr","time":474.391703324,"data":"\n"}
,{"stream_name":"stderr","time":474.391705473,"data":"The above exception was the direct cause of the following exception:\n"}
,{"stream_name":"stderr","time":474.3917078,"data":"\n"}
,{"stream_name":"stderr","time":474.391709914,"data":"NameResolutionError                       Traceback (most recent call last)\n"}
,{"stream_name":"stderr","time":474.391712287,"data":"/usr/local/lib/python3.12/dist-packages/urllib3/connectionpool.py in urlopen(self, method, url, body, headers, retries, redirect, assert_same_host, timeout, pool_timeout, release_conn, chunked, body_pos, preload_content, decode_content, **response_kw)\n"}
,{"stream_name":"stderr","time":474.391715805,"data":"    786             # Make the request on the HTTPConnection object\n"}
,{"stream_name":"stderr","time":474.391718124,"data":"--\u003e 787             response = self._make_request(\n"}
,{"stream_name":"stderr","time":474.391720446,"data":"    788                 conn,\n"}
,{"stream_name":"stderr","time":474.391722673,"data":"\n"}
,{"stream_name":"stderr","time":474.391724876,"data":"/usr/local/lib/python3.12/dist-packages/urllib3/connectionpool.py in _make_request(self, conn, method, url, body, headers, retries, timeout, chunked, response_conn, preload_content, decode_content, enforce_content_length)\n"}
,{"stream_name":"stderr","time":474.391735725,"data":"    487                 new_e = _wrap_proxy_error(new_e, conn.proxy.scheme)\n"}
,{"stream_name":"stderr","time":474.391740151,"data":"--\u003e 488             raise new_e\n"}
,{"stream_name":"stderr","time":474.391744382,"data":"    489 \n"}
,{"stream_name":"stderr","time":474.39174766,"data":"\n"}
,{"stream_name":"stderr","time":474.391752324,"data":"/usr/local/lib/python3.12/dist-packages/urllib3/connectionpool.py in _make_request(self, conn, method, url, body, headers, retries, timeout, chunked, response_conn, preload_content, decode_content, enforce_content_length)\n"}
,{"stream_name":"stderr","time":474.391756852,"data":"    463             try:\n"}
,{"stream_name":"stderr","time":474.391760274,"data":"--\u003e 464                 self._validate_conn(conn)\n"}
,{"stream_name":"stderr","time":474.391763909,"data":"    465             except (SocketTimeout, BaseSSLError) as e:\n"}
,{"stream_name":"stderr","time":474.391767405,"data":"\n"}
,{"stream_name":"stderr","time":474.391770606,"data":"/usr/local/lib/python3.12/dist-packages/urllib3/connectionpool.py in _validate_conn(self, conn)\n"}
,{"stream_name":"stderr","time":474.391774111,"data":"   1092         if conn.is_closed:\n"}
,{"stream_name":"stderr","time":474.391777526,"data":"-\u003e 1093             conn.connect()\n"}
,{"stream_name":"stderr","time":474.391781067,"data":"   1094 \n"}
,{"stream_name":"stderr","time":474.391785145,"data":"\n"}
,{"stream_name":"stderr","time":474.391787377,"data":"/usr/local/lib/python3.12/dist-packages/urllib3/connection.py in connect(self)\n"}
,{"stream_name":"stderr","time":474.391789764,"data":"    758             sock: socket.socket | ssl.SSLSocket\n"}
,{"stream_name":"stderr","time":474.391792132,"data":"--\u003e 759             self.sock = sock = self._new_conn()\n"}
,{"stream_name":"stderr","time":474.391794465,"data":"    760             server_hostname: str = self.host\n"}
,{"stream_name":"stderr","time":474.391796711,"data":"\n"}
,{"stream_name":"stderr","time":474.391799052,"data":"/usr/local/lib/python3.12/dist-packages/urllib3/connection.py in _new_conn(self)\n"}
,{"stream_name":"stderr","time":474.391801396,"data":"    210         except socket.gaierror as e:\n"}
,{"stream_name":"stderr","time":474.391803722,"data":"--\u003e 211             raise NameResolutionError(self.host, self, e) from e\n"}
,{"stream_name":"stderr","time":474.391806116,"data":"    212         except SocketTimeout as e:\n"}
,{"stream_name":"stderr","time":474.391820588,"data":"\n"}
,{"stream_name":"stderr","time":474.391827709,"data":"NameResolutionError: HTTPSConnection(host='huggingface.co', port=443): Failed to resolve 'huggingface.co' ([Errno -3] Temporary failure in name resolution)\n"}
,{"stream_name":"stderr","time":474.391832321,"data":"\n"}
,{"stream_name":"stderr","time":474.391836089,"data":"The above exception was the direct cause of the following exception:\n"}
,{"stream_name":"stderr","time":474.391839959,"data":"\n"}
,{"stream_name":"stderr","time":474.391843539,"data":"MaxRetryError                             Traceback (most recent call last)\n"}
,{"stream_name":"stderr","time":474.391847056,"data":"/usr/local/lib/python3.12/dist-packages/requests/adapters.py in send(self, request, stream, timeout, verify, cert, proxies)\n"}
,{"stream_name":"stderr","time":474.391850708,"data":"    643         try:\n"}
,{"stream_name":"stderr","time":474.391854281,"data":"--\u003e 644             resp = conn.urlopen(\n"}
,{"stream_name":"stderr","time":474.39186735,"data":"    645                 method=request.method,\n"}
,{"stream_name":"stderr","time":474.391870834,"data":"\n"}
,{"stream_name":"stderr","time":474.391874119,"data":"/usr/local/lib/python3.12/dist-packages/urllib3/connectionpool.py in urlopen(self, method, url, body, headers, retries, redirect, assert_same_host, timeout, pool_timeout, release_conn, chunked, body_pos, preload_content, decode_content, **response_kw)\n"}
,{"stream_name":"stderr","time":474.39187813,"data":"    840 \n"}
,{"stream_name":"stderr","time":474.391881506,"data":"--\u003e 841             retries = retries.increment(\n"}
,{"stream_name":"stderr","time":474.391885204,"data":"    842                 method, url, error=new_e, _pool=self, _stacktrace=sys.exc_info()[2]\n"}
,{"stream_name":"stderr","time":474.391888484,"data":"\n"}
,{"stream_name":"stderr","time":474.391891181,"data":"/usr/local/lib/python3.12/dist-packages/urllib3/util/retry.py in increment(self, method, url, response, error, _pool, _stacktrace)\n"}
,{"stream_name":"stderr","time":474.391893659,"data":"    534             reason = error or ResponseError(cause)\n"}
,{"stream_name":"stderr","time":474.391896039,"data":"--\u003e 535             raise MaxRetryError(_pool, url, reason) from reason  # type: ignore[arg-type]\n"}
,{"stream_name":"stderr","time":474.391898456,"data":"    536 \n"}
,{"stream_name":"stderr","time":474.391900622,"data":"\n"}
,{"stream_name":"stderr","time":474.391902976,"data":"MaxRetryError: HTTPSConnectionPool(host='huggingface.co', port=443): Max retries exceeded with url: /gpt2/resolve/main/config.json (Caused by NameResolutionError(\"HTTPSConnection(host='huggingface.co', port=443): Failed to resolve 'huggingface.co' ([Errno -3] Temporary failure in name resolution)\"))\n"}
,{"stream_name":"stderr","time":474.391905842,"data":"\n"}
,{"stream_name":"stderr","time":474.391908087,"data":"During handling of the above exception, another exception occurred:\n"}
,{"stream_name":"stderr","time":474.391910491,"data":"\n"}
,{"stream_name":"stderr","time":474.391912631,"data":"ConnectionError                           Traceback (most recent call last)\n"}
,{"stream_name":"stderr","time":474.391914974,"data":"/usr/local/lib/python3.12/dist-packages/huggingface_hub/file_download.py in _get_metadata_or_catch_error(repo_id, filename, repo_type, revision, endpoint, proxies, etag_timeout, headers, token, local_files_only, relative_filename, storage_folder)\n"}
,{"stream_name":"stderr","time":474.391917559,"data":"   1542             try:\n"}
,{"stream_name":"stderr","time":474.391919779,"data":"-\u003e 1543                 metadata = get_hf_file_metadata(\n"}
,{"stream_name":"stderr","time":474.39192212,"data":"   1544                     url=url, proxies=proxies, timeout=etag_timeout, headers=headers, token=token, endpoint=endpoint\n"}
,{"stream_name":"stderr","time":474.391924526,"data":"\n"}
,{"stream_name":"stderr","time":474.391926661,"data":"/usr/local/lib/python3.12/dist-packages/huggingface_hub/utils/_validators.py in _inner_fn(*args, **kwargs)\n"}
,{"stream_name":"stderr","time":474.391929055,"data":"    113 \n"}
,{"stream_name":"stderr","time":474.391931219,"data":"--\u003e 114         return fn(*args, **kwargs)\n"}
,{"stream_name":"stderr","time":474.391933489,"data":"    115 \n"}
,{"stream_name":"stderr","time":474.391935654,"data":"\n"}
,{"stream_name":"stderr","time":474.391937825,"data":"/usr/local/lib/python3.12/dist-packages/huggingface_hub/file_download.py in get_hf_file_metadata(url, token, proxies, timeout, library_name, library_version, user_agent, headers, endpoint)\n"}
,{"stream_name":"stderr","time":474.391940324,"data":"   1459     # Retrieve metadata\n"}
,{"stream_name":"stderr","time":474.391945115,"data":"-\u003e 1460     r = _request_wrapper(\n"}
,{"stream_name":"stderr","time":474.391947527,"data":"   1461         method=\"HEAD\",\n"}
,{"stream_name":"stderr","time":474.391949969,"data":"\n"}
,{"stream_name":"stderr","time":474.391952169,"data":"/usr/local/lib/python3.12/dist-packages/huggingface_hub/file_download.py in _request_wrapper(method, url, follow_relative_redirects, **params)\n"}
,{"stream_name":"stderr","time":474.391954611,"data":"    282     if follow_relative_redirects:\n"}
,{"stream_name":"stderr","time":474.391956869,"data":"--\u003e 283         response = _request_wrapper(\n"}
,{"stream_name":"stderr","time":474.391959151,"data":"    284             method=method,\n"}
,{"stream_name":"stderr","time":474.391961382,"data":"\n"}
,{"stream_name":"stderr","time":474.391963571,"data":"/usr/local/lib/python3.12/dist-packages/huggingface_hub/file_download.py in _request_wrapper(method, url, follow_relative_redirects, **params)\n"}
,{"stream_name":"stderr","time":474.391966017,"data":"    305     # Perform request and return if status_code is not in the retry list.\n"}
,{"stream_name":"stderr","time":474.391969109,"data":"--\u003e 306     response = http_backoff(method=method, url=url, **params)\n"}
,{"stream_name":"stderr","time":474.391971531,"data":"    307     hf_raise_for_status(response)\n"}
,{"stream_name":"stderr","time":474.39197381,"data":"\n"}
,{"stream_name":"stderr","time":474.391975975,"data":"/usr/local/lib/python3.12/dist-packages/huggingface_hub/utils/_http.py in http_backoff(method, url, max_retries, base_wait_time, max_wait_time, retry_on_exceptions, retry_on_status_codes, **kwargs)\n"}
,{"stream_name":"stderr","time":474.391978486,"data":"    324             if nb_tries \u003e max_retries:\n"}
,{"stream_name":"stderr","time":474.391980885,"data":"--\u003e 325                 raise err\n"}
,{"stream_name":"stderr","time":474.391983282,"data":"    326 \n"}
,{"stream_name":"stderr","time":474.391985452,"data":"\n"}
,{"stream_name":"stderr","time":474.391987707,"data":"/usr/local/lib/python3.12/dist-packages/huggingface_hub/utils/_http.py in http_backoff(method, url, max_retries, base_wait_time, max_wait_time, retry_on_exceptions, retry_on_status_codes, **kwargs)\n"}
,{"stream_name":"stderr","time":474.391990224,"data":"    305             # Perform request and return if status_code is not in the retry list.\n"}
,{"stream_name":"stderr","time":474.391992642,"data":"--\u003e 306             response = session.request(method=method, url=url, **kwargs)\n"}
,{"stream_name":"stderr","time":474.391999654,"data":"    307             if response.status_code not in retry_on_status_codes:\n"}
,{"stream_name":"stderr","time":474.392002155,"data":"\n"}
,{"stream_name":"stderr","time":474.392004327,"data":"/usr/local/lib/python3.12/dist-packages/requests/sessions.py in request(self, method, url, params, data, headers, cookies, files, auth, timeout, allow_redirects, proxies, hooks, stream, verify, cert, json)\n"}
,{"stream_name":"stderr","time":474.392006949,"data":"    588         send_kwargs.update(settings)\n"}
,{"stream_name":"stderr","time":474.392009227,"data":"--\u003e 589         resp = self.send(prep, **send_kwargs)\n"}
,{"stream_name":"stderr","time":474.392011631,"data":"    590 \n"}
,{"stream_name":"stderr","time":474.392013791,"data":"\n"}
,{"stream_name":"stderr","time":474.392015941,"data":"/usr/local/lib/python3.12/dist-packages/requests/sessions.py in send(self, request, **kwargs)\n"}
,{"stream_name":"stderr","time":474.392018539,"data":"    702         # Send the request\n"}
,{"stream_name":"stderr","time":474.392020846,"data":"--\u003e 703         r = adapter.send(request, **kwargs)\n"}
,{"stream_name":"stderr","time":474.392025206,"data":"    704 \n"}
,{"stream_name":"stderr","time":474.392027506,"data":"\n"}
,{"stream_name":"stderr","time":474.392029659,"data":"/usr/local/lib/python3.12/dist-packages/huggingface_hub/utils/_http.py in send(self, request, *args, **kwargs)\n"}
,{"stream_name":"stderr","time":474.392032459,"data":"     94         try:\n"}
,{"stream_name":"stderr","time":474.392034703,"data":"---\u003e 95             return super().send(request, *args, **kwargs)\n"}
,{"stream_name":"stderr","time":474.392037132,"data":"     96         except requests.RequestException as e:\n"}
,{"stream_name":"stderr","time":474.392039392,"data":"\n"}
,{"stream_name":"stderr","time":474.392041545,"data":"/usr/local/lib/python3.12/dist-packages/requests/adapters.py in send(self, request, stream, timeout, verify, cert, proxies)\n"}
,{"stream_name":"stderr","time":474.392043947,"data":"    676 \n"}
,{"stream_name":"stderr","time":474.392046128,"data":"--\u003e 677             raise ConnectionError(e, request=request)\n"}
,{"stream_name":"stderr","time":474.392048443,"data":"    678 \n"}
,{"stream_name":"stderr","time":474.392050647,"data":"\n"}
,{"stream_name":"stderr","time":474.39205319,"data":"ConnectionError: (MaxRetryError('HTTPSConnectionPool(host=\\'huggingface.co\\', port=443): Max retries exceeded with url: /gpt2/resolve/main/config.json (Caused by NameResolutionError(\"HTTPSConnection(host=\\'huggingface.co\\', port=443): Failed to resolve \\'huggingface.co\\' ([Errno -3] Temporary failure in name resolution)\"))'), '(Request ID: f78c03f8-a709-494e-843a-d4a49b1bef3f)')\n"}
,{"stream_name":"stderr","time":474.392056418,"data":"\n"}
,{"stream_name":"stderr","time":474.392058555,"data":"The above exception was the direct cause of the following exception:\n"}
,{"stream_name":"stderr","time":474.392060877,"data":"\n"}
,{"stream_name":"stderr","time":474.392063025,"data":"LocalEntryNotFoundError                   Traceback (most recent call last)\n"}
,{"stream_name":"stderr","time":474.392065399,"data":"/usr/local/lib/python3.12/dist-packages/transformers/utils/hub.py in cached_files(path_or_repo_id, filenames, cache_dir, force_download, resume_download, proxies, token, revision, local_files_only, subfolder, repo_type, user_agent, _raise_exceptions_for_gated_repo, _raise_exceptions_for_missing_entries, _raise_exceptions_for_connection_errors, _commit_hash, **deprecated_kwargs)\n"}
,{"stream_name":"stderr","time":474.392068214,"data":"    478             # This is slightly better for only 1 file\n"}
,{"stream_name":"stderr","time":474.39207055,"data":"--\u003e 479             hf_hub_download(\n"}
,{"stream_name":"stderr","time":474.392072831,"data":"    480                 path_or_repo_id,\n"}
,{"stream_name":"stderr","time":474.392075069,"data":"\n"}
,{"stream_name":"stderr","time":474.392077224,"data":"/usr/local/lib/python3.12/dist-packages/huggingface_hub/utils/_validators.py in _inner_fn(*args, **kwargs)\n"}
,{"stream_name":"stderr","time":474.392079608,"data":"    113 \n"}
,{"stream_name":"stderr","time":474.392081788,"data":"--\u003e 114         return fn(*args, **kwargs)\n"}
,{"stream_name":"stderr","time":474.392084083,"data":"    115 \n"}
,{"stream_name":"stderr","time":474.392087146,"data":"\n"}
,{"stream_name":"stderr","time":474.392089436,"data":"/usr/local/lib/python3.12/dist-packages/huggingface_hub/file_download.py in hf_hub_download(repo_id, filename, subfolder, repo_type, revision, library_name, library_version, cache_dir, local_dir, user_agent, force_download, proxies, etag_timeout, token, local_files_only, headers, endpoint, resume_download, force_filename, local_dir_use_symlinks)\n"}
,{"stream_name":"stderr","time":474.39209234,"data":"   1006     else:\n"}
,{"stream_name":"stderr","time":474.392096997,"data":"-\u003e 1007         return _hf_hub_download_to_cache_dir(\n"}
,{"stream_name":"stderr","time":474.392099507,"data":"   1008             # Destination\n"}
,{"stream_name":"stderr","time":474.392101761,"data":"\n"}
,{"stream_name":"stderr","time":474.392104002,"data":"/usr/local/lib/python3.12/dist-packages/huggingface_hub/file_download.py in _hf_hub_download_to_cache_dir(cache_dir, repo_id, filename, repo_type, revision, endpoint, etag_timeout, headers, proxies, token, local_files_only, force_download)\n"}
,{"stream_name":"stderr","time":474.39210659,"data":"   1113         # Otherwise, raise appropriate error\n"}
,{"stream_name":"stderr","time":474.392108982,"data":"-\u003e 1114         _raise_on_head_call_error(head_call_error, force_download, local_files_only)\n"}
,{"stream_name":"stderr","time":474.392111446,"data":"   1115 \n"}
,{"stream_name":"stderr","time":474.392113871,"data":"\n"}
,{"stream_name":"stderr","time":474.392116042,"data":"/usr/local/lib/python3.12/dist-packages/huggingface_hub/file_download.py in _raise_on_head_call_error(head_call_error, force_download, local_files_only)\n"}
,{"stream_name":"stderr","time":474.392118888,"data":"   1657         # Otherwise: most likely a connection issue or Hub downtime =\u003e let's warn the user\n"}
,{"stream_name":"stderr","time":474.392121451,"data":"-\u003e 1658         raise LocalEntryNotFoundError(\n"}
,{"stream_name":"stderr","time":474.392124253,"data":"   1659             \"An error happened while trying to locate the file on the Hub and we cannot find the requested files\"\n"}
,{"stream_name":"stderr","time":474.39212684,"data":"\n"}
,{"stream_name":"stderr","time":474.392129159,"data":"LocalEntryNotFoundError: An error happened while trying to locate the file on the Hub and we cannot find the requested files in the local cache. Please check your connection and try again or make sure your Internet connection is on.\n"}
,{"stream_name":"stderr","time":474.392132453,"data":"\n"}
,{"stream_name":"stderr","time":474.392134647,"data":"The above exception was the direct cause of the following exception:\n"}
,{"stream_name":"stderr","time":474.392137042,"data":"\n"}
,{"stream_name":"stderr","time":474.392139202,"data":"OSError                                   Traceback (most recent call last)\n"}
,{"stream_name":"stderr","time":474.392141521,"data":"/tmp/ipykernel_24/2519286286.py in \u003ccell line: 0\u003e()\n"}
,{"stream_name":"stderr","time":474.39214398,"data":"     14     device=DEVICE\n"}
,{"stream_name":"stderr","time":474.392146311,"data":"     15 )\n"}
,{"stream_name":"stderr","time":474.392148603,"data":"---\u003e 16 inferencer.load_model()\n"}
,{"stream_name":"stderr","time":474.392150924,"data":"\n"}
,{"stream_name":"stderr","time":474.392153146,"data":"/tmp/ipykernel_24/1393828461.py in load_model(self)\n"}
,{"stream_name":"stderr","time":474.392155422,"data":"     69         except Exception as e:\n"}
,{"stream_name":"stderr","time":474.392157674,"data":"     70             print(f\"❌ Failed to load model: {e}\")\n"}
,{"stream_name":"stderr","time":474.392160565,"data":"---\u003e 71             raise e\n"}
,{"stream_name":"stderr","time":474.392162889,"data":"     72 \n"}
,{"stream_name":"stderr","time":474.392165062,"data":"     73     def create_prompt(self, problem, include_cot=True):\n"}
,{"stream_name":"stderr","time":474.392167371,"data":"\n"}
,{"stream_name":"stderr","time":474.392169559,"data":"/tmp/ipykernel_24/1393828461.py in load_model(self)\n"}
,{"stream_name":"stderr","time":474.392171834,"data":"     46 \n"}
,{"stream_name":"stderr","time":474.392174014,"data":"     47         try:\n"}
,{"stream_name":"stderr","time":474.392178591,"data":"---\u003e 48             self.tokenizer = AutoTokenizer.from_pretrained(model_path, local_files_only=local_files_only)\n"}
,{"stream_name":"stderr","time":474.392181132,"data":"     49             self.model = AutoModelForCausalLM.from_pretrained(\n"}
,{"stream_name":"stderr","time":474.392183449,"data":"     50                 model_path,\n"}
,{"stream_name":"stderr","time":474.392185706,"data":"\n"}
,{"stream_name":"stderr","time":474.392187885,"data":"/usr/local/lib/python3.12/dist-packages/transformers/models/auto/tokenization_auto.py in from_pretrained(cls, pretrained_model_name_or_path, *inputs, **kwargs)\n"}
,{"stream_name":"stderr","time":474.392190393,"data":"   1091                     config = AutoConfig.for_model(**config_dict)\n"}
,{"stream_name":"stderr","time":474.392192711,"data":"   1092                 else:\n"}
,{"stream_name":"stderr","time":474.392194963,"data":"-\u003e 1093                     config = AutoConfig.from_pretrained(\n"}
,{"stream_name":"stderr","time":474.392197319,"data":"   1094                         pretrained_model_name_or_path, trust_remote_code=trust_remote_code, **kwargs\n"}
,{"stream_name":"stderr","time":474.392199686,"data":"   1095                     )\n"}
,{"stream_name":"stderr","time":474.392201921,"data":"\n"}
,{"stream_name":"stderr","time":474.392204179,"data":"/usr/local/lib/python3.12/dist-packages/transformers/models/auto/configuration_auto.py in from_pretrained(cls, pretrained_model_name_or_path, **kwargs)\n"}
,{"stream_name":"stderr","time":474.392206617,"data":"   1330         code_revision = kwargs.pop(\"code_revision\", None)\n"}
,{"stream_name":"stderr","time":474.392209142,"data":"   1331 \n"}
,{"stream_name":"stderr","time":474.392211623,"data":"-\u003e 1332         config_dict, unused_kwargs = PretrainedConfig.get_config_dict(pretrained_model_name_or_path, **kwargs)\n"}
,{"stream_name":"stderr","time":474.392214082,"data":"   1333         has_remote_code = \"auto_map\" in config_dict and \"AutoConfig\" in config_dict[\"auto_map\"]\n"}
,{"stream_name":"stderr","time":474.392216691,"data":"   1334         has_local_code = \"model_type\" in config_dict and config_dict[\"model_type\"] in CONFIG_MAPPING\n"}
,{"stream_name":"stderr","time":474.392219262,"data":"\n"}
,{"stream_name":"stderr","time":474.392221422,"data":"/usr/local/lib/python3.12/dist-packages/transformers/configuration_utils.py in get_config_dict(cls, pretrained_model_name_or_path, **kwargs)\n"}
,{"stream_name":"stderr","time":474.392223852,"data":"    660         original_kwargs = copy.deepcopy(kwargs)\n"}
,{"stream_name":"stderr","time":474.392226149,"data":"    661         # Get config dict associated with the base config file\n"}
,{"stream_name":"stderr","time":474.392228533,"data":"--\u003e 662         config_dict, kwargs = cls._get_config_dict(pretrained_model_name_or_path, **kwargs)\n"}
,{"stream_name":"stderr","time":474.392230965,"data":"    663         if config_dict is None:\n"}
,{"stream_name":"stderr","time":474.392233234,"data":"    664             return {}, kwargs\n"}
,{"stream_name":"stderr","time":474.392235526,"data":"\n"}
,{"stream_name":"stderr","time":474.392237669,"data":"/usr/local/lib/python3.12/dist-packages/transformers/configuration_utils.py in _get_config_dict(cls, pretrained_model_name_or_path, **kwargs)\n"}
,{"stream_name":"stderr","time":474.392240088,"data":"    719             try:\n"}
,{"stream_name":"stderr","time":474.392242308,"data":"    720                 # Load from local folder or from cache or download from model Hub and cache\n"}
,{"stream_name":"stderr","time":474.392244657,"data":"--\u003e 721                 resolved_config_file = cached_file(\n"}
,{"stream_name":"stderr","time":474.392249548,"data":"    722                     pretrained_model_name_or_path,\n"}
,{"stream_name":"stderr","time":474.392251948,"data":"    723                     configuration_file,\n"}
,{"stream_name":"stderr","time":474.392254202,"data":"\n"}
,{"stream_name":"stderr","time":474.392256361,"data":"/usr/local/lib/python3.12/dist-packages/transformers/utils/hub.py in cached_file(path_or_repo_id, filename, **kwargs)\n"}
,{"stream_name":"stderr","time":474.392258759,"data":"    320     ```\n"}
,{"stream_name":"stderr","time":474.392260986,"data":"    321     \"\"\"\n"}
,{"stream_name":"stderr","time":474.392263291,"data":"--\u003e 322     file = cached_files(path_or_repo_id=path_or_repo_id, filenames=[filename], **kwargs)\n"}
,{"stream_name":"stderr","time":474.392265703,"data":"    323     file = file[0] if file is not None else file\n"}
,{"stream_name":"stderr","time":474.392268021,"data":"    324     return file\n"}
,{"stream_name":"stderr","time":474.392270263,"data":"\n"}
,{"stream_name":"stderr","time":474.392272448,"data":"/usr/local/lib/python3.12/dist-packages/transformers/utils/hub.py in cached_files(path_or_repo_id, filenames, cache_dir, force_download, resume_download, proxies, token, revision, local_files_only, subfolder, repo_type, user_agent, _raise_exceptions_for_gated_repo, _raise_exceptions_for_missing_entries, _raise_exceptions_for_connection_errors, _commit_hash, **deprecated_kwargs)\n"}
,{"stream_name":"stderr","time":474.392275268,"data":"    551             # even when `local_files_only` is True, in which case raising for connections errors only would not make sense)\n"}
,{"stream_name":"stderr","time":474.392277684,"data":"    552             elif _raise_exceptions_for_missing_entries:\n"}
,{"stream_name":"stderr","time":474.392280193,"data":"--\u003e 553                 raise OSError(\n"}
,{"stream_name":"stderr","time":474.392282549,"data":"    554                     f\"We couldn't connect to '{HUGGINGFACE_CO_RESOLVE_ENDPOINT}' to load the files, and couldn't find them in the\"\n"}
,{"stream_name":"stderr","time":474.392285036,"data":"    555                     f\" cached files.\\nCheck your internet connection or see how to run the library in offline mode at\"\n"}
,{"stream_name":"stderr","time":474.39228757,"data":"\n"}
,{"stream_name":"stderr","time":474.392289822,"data":"OSError: We couldn't connect to 'https://huggingface.co' to load the files, and couldn't find them in the cached files.\n"}
,{"stream_name":"stderr","time":474.39229226,"data":"Check your internet connection or see how to run the library in offline mode at 'https://huggingface.co/docs/transformers/installation#offline-mode'.\n"}
,{"stream_name":"stderr","time":474.392294693,"data":"\n"}
,{"stream_name":"stderr","time":476.424802685,"data":"/usr/local/lib/python3.12/dist-packages/mistune.py:435: SyntaxWarning: invalid escape sequence '\\|'\n"}
,{"stream_name":"stderr","time":476.424848412,"data":"  cells[i][c] = re.sub('\\\\\\\\\\|', '|', cell)\n"}
,{"stream_name":"stderr","time":476.587381123,"data":"/usr/local/lib/python3.12/dist-packages/nbconvert/filters/filter_links.py:36: SyntaxWarning: invalid escape sequence '\\_'\n"}
,{"stream_name":"stderr","time":476.587409166,"data":"  text = re.sub(r'_', '\\_', text) # Escape underscores in display text\n"}
,{"stream_name":"stderr","time":477.349334601,"data":"/usr/local/lib/python3.12/dist-packages/traitlets/traitlets.py:2915: FutureWarning: --Exporter.preprocessors=[\"remove_papermill_header.RemovePapermillHeader\"] for containers is deprecated in traitlets 5.0. You can pass `--Exporter.preprocessors item` ... multiple times to add items to a list.\n"}
,{"stream_name":"stderr","time":477.349364891,"data":"  warn(\n"}
,{"stream_name":"stderr","time":477.381004879,"data":"[NbConvertApp] Converting notebook __notebook__.ipynb to notebook\n"}
,{"stream_name":"stderr","time":477.684141092,"data":"[NbConvertApp] Writing 83108 bytes to __notebook__.ipynb\n"}
,{"stream_name":"stderr","time":480.088708702,"data":"/usr/local/lib/python3.12/dist-packages/traitlets/traitlets.py:2915: FutureWarning: --Exporter.preprocessors=[\"nbconvert.preprocessors.ExtractOutputPreprocessor\"] for containers is deprecated in traitlets 5.0. You can pass `--Exporter.preprocessors item` ... multiple times to add items to a list.\n"}
,{"stream_name":"stderr","time":480.088743394,"data":"  warn(\n"}
,{"stream_name":"stderr","time":480.114303489,"data":"[NbConvertApp] Converting notebook __notebook__.ipynb to html\n"}
,{"stream_name":"stderr","time":480.940090961,"data":"[NbConvertApp] Writing 399508 bytes to __results__.html\n"}
]